<?xml version="1.0" encoding="UTF-8"?>
<Site BuildName="Darwin-clang++"
	BuildStamp="20240228-0128-Experimental"
	Name="Ryans-MacBook-Pro.local"
	Generator="ctest-3.24.1"
	CompilerName="/usr/bin/clang++"
	CompilerVersion="15.0.0.15000040"
	OSName="macOS"
	Hostname="Ryans-MacBook-Pro.local"
	OSRelease="14.1.2"
	OSVersion="23B92"
	OSPlatform="arm64"
	Is64Bits="1"
	VendorString="IBM"
	VendorID="IBM"
	FamilyID="16777228"
	ModelID="2"
	ProcessorCacheSize="131072"
	NumberOfLogicalCPU="8"
	NumberOfPhysicalCPU="8"
	TotalVirtualMemory="1024"
	TotalPhysicalMemory="8192"
	LogicalProcessorsPerPhysical="8"
	ProcessorClockFrequency="0"
	>
	<Testing>
		<StartDateTime>Feb 27 23:29 PST</StartDateTime>
		<StartTestTime>1709105391</StartTestTime>
		<TestList/>
		<EndDateTime>Feb 27 23:29 PST</EndDateTime>
		<EndTestTime>1709105391</EndTestTime>
		<ElapsedMinutes>0</ElapsedMinutes>
	</Testing>
</Site>
