<?xml version="1.0" encoding="UTF-8"?>
<Site BuildName="Darwin-clang++"
	BuildStamp="20240228-0128-Experimental"
	Name="Gabes-Laptop.attlocal.net"
	Generator="ctest-3.24.2"
	CompilerName="/usr/bin/clang++"
	CompilerVersion="15.0.0.15000100"
	OSName="macOS"
	Hostname="Gabes-Laptop.attlocal.net"
	OSRelease="14.0"
	OSVersion="23A344"
	OSPlatform="arm64"
	Is64Bits="1"
	VendorString="IBM"
	VendorID="IBM"
	FamilyID="16777228"
	ModelID="2"
	ProcessorCacheSize="131072"
	NumberOfLogicalCPU="8"
	NumberOfPhysicalCPU="8"
	TotalVirtualMemory="11264"
	TotalPhysicalMemory="8192"
	LogicalProcessorsPerPhysical="8"
	ProcessorClockFrequency="0"
	>
	<Testing>
		<StartDateTime>Feb 28 04:46 PST</StartDateTime>
		<StartTestTime>1709124381</StartTestTime>
		<TestList/>
		<EndDateTime>Feb 28 04:46 PST</EndDateTime>
		<EndTestTime>1709124381</EndTestTime>
		<ElapsedMinutes>0</ElapsedMinutes>
	</Testing>
</Site>
