<?xml version="1.0" encoding="UTF-8"?>
<Site BuildName="Darwin-clang++"
	BuildStamp="20240227-2136-Experimental"
	Name="Gabes-Laptop.local"
	Generator="ctest-3.24.2"
	CompilerName="/usr/bin/clang++"
	CompilerVersion="15.0.0.15000100"
	OSName="macOS"
	Hostname="Gabes-Laptop.local"
	OSRelease="14.0"
	OSVersion="23A344"
	OSPlatform="arm64"
	Is64Bits="1"
	VendorString="IBM"
	VendorID="IBM"
	FamilyID="16777228"
	ModelID="2"
	ProcessorCacheSize="131072"
	NumberOfLogicalCPU="8"
	NumberOfPhysicalCPU="8"
	TotalVirtualMemory="8192"
	TotalPhysicalMemory="8192"
	LogicalProcessorsPerPhysical="8"
	ProcessorClockFrequency="0"
	>
	<Testing>
		<StartDateTime>Feb 27 14:05 PST</StartDateTime>
		<StartTestTime>1709071531</StartTestTime>
		<TestList/>
		<EndDateTime>Feb 27 14:05 PST</EndDateTime>
		<EndTestTime>1709071531</EndTestTime>
		<ElapsedMinutes>0</ElapsedMinutes>
	</Testing>
</Site>
